#
# There is insufficient memory for the Java Runtime Environment to continue.
# Native memory allocation (mmap) failed to map 58720256 bytes. Error detail: G1 virtual space
# Possible reasons:
#   The system is out of physical RAM or swap space
#   This process is running with CompressedOops enabled, and the Java Heap may be blocking the growth of the native heap
# Possible solutions:
#   Reduce memory load on the system
#   Increase physical memory or swap space
#   Check if swap backing store is full
#   Decrease Java heap size (-Xmx/-Xms)
#   Decrease number of Java threads
#   Decrease Java thread stack sizes (-Xss)
#   Set larger code cache with -XX:ReservedCodeCacheSize=
#   JVM is running with Unscaled Compressed Oops mode in which the Java heap is
#     placed in the first 4GB address space. The Java Heap base address is the
#     maximum limit for the native heap growth. Please use -XX:HeapBaseMinAddress
#     to set the Java Heap base and to place the Java Heap above 4GB virtual address.
# This output file may be truncated or incomplete.
#
#  Out of Memory Error (os_windows.cpp:3898), pid=13816, tid=1172
#
# JRE version:  (21.0.6) (build )
# Java VM: OpenJDK 64-Bit Server VM (21.0.6+-13355223-b631.42, mixed mode, sharing, tiered, compressed oops, compressed class ptrs, g1 gc, windows-amd64)
# No core dump will be written. Minidumps are not enabled by default on client versions of Windows
#

---------------  S U M M A R Y ------------

Command Line: git4idea.http.GitAskPassApp Username for 'https://github.com': 

Host: AMD Ryzen 3 3250U with Radeon Graphics         , 4 cores, 3G,  Windows 11 , 64 bit Build 26100 (10.0.26100.3775)
Time: Sat May 17 00:26:47 2025 Jordan Standard Time elapsed time: 0.180874 seconds (0d 0h 0m 0s)

---------------  T H R E A D  ---------------

Current thread (0x0000024ecbf352c0):  JavaThread "Unknown thread" [_thread_in_vm, id=1172, stack(0x000000b36aa00000,0x000000b36ab00000) (1024K)]

Stack: [0x000000b36aa00000,0x000000b36ab00000]
Native frames: (J=compiled Java code, j=interpreted, Vv=VM code, C=native code)
V  [jvm.dll+0x6d05a9]
V  [jvm.dll+0x85ea73]
V  [jvm.dll+0x860fce]
V  [jvm.dll+0x8616b3]
V  [jvm.dll+0x27e6e6]
V  [jvm.dll+0x6ccf45]
V  [jvm.dll+0x6c09fa]
V  [jvm.dll+0x35535b]
V  [jvm.dll+0x35cfb6]
V  [jvm.dll+0x3aef46]
V  [jvm.dll+0x3af218]
V  [jvm.dll+0x327a2c]
V  [jvm.dll+0x32871b]
V  [jvm.dll+0x8264b9]
V  [jvm.dll+0x3bc118]
V  [jvm.dll+0x80f768]
V  [jvm.dll+0x4502ce]
V  [jvm.dll+0x451a31]
C  [jli.dll+0x52ab]
C  [ucrtbase.dll+0x37b0]
C  [KERNEL32.DLL+0x2e8d7]
C  [ntdll.dll+0xb14fc]


---------------  P R O C E S S  ---------------

Threads class SMR info:
_java_thread_list=0x00007ff916881848, length=0, elements={
}

Java Threads: ( => current thread )
Total: 0

Other Threads:
  0x0000024ece2fdd50 WorkerThread "GC Thread#0"                     [id=15212, stack(0x000000b36ab00000,0x000000b36ac00000) (1024K)]
  0x0000024ece305ab0 ConcurrentGCThread "G1 Main Marker"            [id=6416, stack(0x000000b36ac00000,0x000000b36ad00000) (1024K)]
  0x0000024ece3073f0 WorkerThread "G1 Conc#0"                       [id=2756, stack(0x000000b36ad00000,0x000000b36ae00000) (1024K)]

[error occurred during error reporting (printing all threads), id 0xc0000005, EXCEPTION_ACCESS_VIOLATION (0xc0000005) at pc=0x00007ff91607aa67]
VM state: not at safepoint (not fully initialized)

VM Mutex/Monitor currently owned by a thread:  ([mutex/lock_event])
[0x00007ff9168ee4a0] Heap_lock - owner thread: 0x0000024ecbf352c0

Heap address: 0x00000000c9400000, size: 876 MB, Compressed Oops mode: 32-bit

CDS archive(s) mapped at: [0x0000000000000000-0x0000000000000000-0x0000000000000000), size 0, SharedBaseAddress: 0x0000000800000000, ArchiveRelocationMode: 1.
Narrow klass base: 0x0000000000000000, Narrow klass shift: 0, Narrow klass range: 0x0

GC Precious Log:
 CardTable entry size: 512
 Card Set container configuration: InlinePtr #cards 5 size 8 Array Of Cards #cards 12 size 40 Howl #buckets 4 coarsen threshold 1843 Howl Bitmap #cards 512 size 80 coarsen threshold 460 Card regions per heap region 1 cards per card region 2048

Heap:
 garbage-first heap   total 0K, used 0K [0x00000000c9400000, 0x0000000100000000)
  region size 1024K, 0 young (0K), 0 survivors (0K)
 Metaspace       used 0K, committed 0K, reserved 0K
  class space    used 0K, committed 0K, reserved 0K

Heap Regions: E=young(eden), S=young(survivor), O=old, HS=humongous(starts), HC=humongous(continues), CS=collection set, F=free, TAMS=top-at-mark-start, PB=parsable bottom

Card table byte_map: [0x0000024ee0420000,0x0000024ee05e0000] _byte_map_base: 0x0000024edfdd6000

Marking Bits: (CMBitMap*) 0x0000024ece2fe450
 Bits: [0x0000024ee05e0000, 0x0000024ee1390000)

GC Heap History (0 events):
No events

Dll operation events (1 events):
Event: 0.026 Loaded shared library C:\Program Files\Android\Android Studio1\jbr\bin\java.dll

Deoptimization events (0 events):
No events

Classes loaded (0 events):
No events

Classes unloaded (0 events):
No events

Classes redefined (0 events):
No events

Internal exceptions (0 events):
No events

ZGC Phase Switch (0 events):
No events

VM Operations (0 events):
No events

Memory protections (0 events):
No events

Nmethod flushes (0 events):
No events

Events (0 events):
No events


Dynamic libraries:
0x00007ff7fb310000 - 0x00007ff7fb31a000 	C:\Program Files\Android\Android Studio1\jbr\bin\java.exe
0x00007ff97d640000 - 0x00007ff97d8a0000 	C:\WINDOWS\SYSTEM32\ntdll.dll
0x00007ff97b4f0000 - 0x00007ff97b5b7000 	C:\WINDOWS\System32\KERNEL32.DLL
0x00007ff97ae80000 - 0x00007ff97b24a000 	C:\WINDOWS\System32\KERNELBASE.dll
0x00007ff97b250000 - 0x00007ff97b39b000 	C:\WINDOWS\System32\ucrtbase.dll
0x00007ff962320000 - 0x00007ff96233b000 	C:\Program Files\Android\Android Studio1\jbr\bin\VCRUNTIME140.dll
0x00007ff955e90000 - 0x00007ff955ea8000 	C:\Program Files\Android\Android Studio1\jbr\bin\jli.dll
0x00007ff97ba80000 - 0x00007ff97bc4c000 	C:\WINDOWS\System32\USER32.dll
0x00007ff97ad90000 - 0x00007ff97adb7000 	C:\WINDOWS\System32\win32u.dll
0x00007ff97cb50000 - 0x00007ff97cb7a000 	C:\WINDOWS\System32\GDI32.dll
0x00007ff97ac50000 - 0x00007ff97ad81000 	C:\WINDOWS\System32\gdi32full.dll
0x00007ff97aba0000 - 0x00007ff97ac43000 	C:\WINDOWS\System32\msvcp_win.dll
0x00007ff963a70000 - 0x00007ff963d07000 	C:\WINDOWS\WinSxS\amd64_microsoft.windows.common-controls_6595b64144ccf1df_6.0.26100.3624_none_3e086962e3345f24\COMCTL32.dll
0x00007ff97b440000 - 0x00007ff97b4e9000 	C:\WINDOWS\System32\msvcrt.dll
0x00007ff97d5c0000 - 0x00007ff97d5ef000 	C:\WINDOWS\System32\IMM32.DLL
0x00007ff975710000 - 0x00007ff97571c000 	C:\Program Files\Android\Android Studio1\jbr\bin\vcruntime140_1.dll
0x00007ff952260000 - 0x00007ff9522ed000 	C:\Program Files\Android\Android Studio1\jbr\bin\msvcp140.dll
0x00007ff915d40000 - 0x00007ff9169cb000 	C:\Program Files\Android\Android Studio1\jbr\bin\server\jvm.dll
0x00007ff97cf10000 - 0x00007ff97cfc2000 	C:\WINDOWS\System32\ADVAPI32.dll
0x00007ff97ca40000 - 0x00007ff97cae6000 	C:\WINDOWS\System32\sechost.dll
0x00007ff97cd00000 - 0x00007ff97ce16000 	C:\WINDOWS\System32\RPCRT4.dll
0x00007ff97bd30000 - 0x00007ff97bda4000 	C:\WINDOWS\System32\WS2_32.dll
0x00007ff97a670000 - 0x00007ff97a6ce000 	C:\WINDOWS\SYSTEM32\POWRPROF.dll
0x00007ff973970000 - 0x00007ff9739a6000 	C:\WINDOWS\SYSTEM32\WINMM.dll
0x00007ff9739b0000 - 0x00007ff9739bb000 	C:\WINDOWS\SYSTEM32\VERSION.dll
0x00007ff97a650000 - 0x00007ff97a664000 	C:\WINDOWS\SYSTEM32\UMPDC.dll
0x00007ff979630000 - 0x00007ff97964a000 	C:\WINDOWS\SYSTEM32\kernel.appcore.dll
0x00007ff963d10000 - 0x00007ff963d1a000 	C:\Program Files\Android\Android Studio1\jbr\bin\jimage.dll
0x00007ff9706b0000 - 0x00007ff9708f1000 	C:\WINDOWS\SYSTEM32\DBGHELP.DLL
0x00007ff97b5d0000 - 0x00007ff97b952000 	C:\WINDOWS\System32\combase.dll
0x00007ff97bc50000 - 0x00007ff97bd26000 	C:\WINDOWS\System32\OLEAUT32.dll
0x00007ff963340000 - 0x00007ff963379000 	C:\WINDOWS\SYSTEM32\dbgcore.DLL
0x00007ff97b3a0000 - 0x00007ff97b439000 	C:\WINDOWS\System32\bcryptPrimitives.dll
0x00007ff961f90000 - 0x00007ff961fb0000 	C:\Program Files\Android\Android Studio1\jbr\bin\java.dll

dbghelp: loaded successfully - version: 4.0.5 - missing functions: none
symbol engine: initialized successfully - sym options: 0x614 - pdb path: .;C:\Program Files\Android\Android Studio1\jbr\bin;C:\WINDOWS\SYSTEM32;C:\WINDOWS\WinSxS\amd64_microsoft.windows.common-controls_6595b64144ccf1df_6.0.26100.3624_none_3e086962e3345f24;C:\Program Files\Android\Android Studio1\jbr\bin\server

VM Arguments:
java_command: git4idea.http.GitAskPassApp Username for 'https://github.com': 
java_class_path (initial): C:/Program Files/Android/Android Studio1/plugins/vcs-git/lib/git4idea-rt.jar;C:/Program Files/Android/Android Studio1/lib/externalProcess-rt.jar
Launcher Type: SUN_STANDARD

[Global flags]
     intx CICompilerCount                          = 3                                         {product} {ergonomic}
     uint ConcGCThreads                            = 1                                         {product} {ergonomic}
     uint G1ConcRefinementThreads                  = 4                                         {product} {ergonomic}
   size_t G1HeapRegionSize                         = 1048576                                   {product} {ergonomic}
    uintx GCDrainStackTargetSize                   = 64                                        {product} {ergonomic}
   size_t InitialHeapSize                          = 58720256                                  {product} {ergonomic}
   size_t MarkStackSize                            = 4194304                                   {product} {ergonomic}
   size_t MaxHeapSize                              = 918552576                                 {product} {ergonomic}
   size_t MinHeapDeltaBytes                        = 1048576                                   {product} {ergonomic}
   size_t MinHeapSize                              = 8388608                                   {product} {ergonomic}
    uintx NonNMethodCodeHeapSize                   = 5832780                                {pd product} {ergonomic}
    uintx NonProfiledCodeHeapSize                  = 122912730                              {pd product} {ergonomic}
    uintx ProfiledCodeHeapSize                     = 122912730                              {pd product} {ergonomic}
    uintx ReservedCodeCacheSize                    = 251658240                              {pd product} {ergonomic}
     bool SegmentedCodeCache                       = true                                      {product} {ergonomic}
   size_t SoftMaxHeapSize                          = 918552576                              {manageable} {ergonomic}
     bool UseCompressedOops                        = true                           {product lp64_product} {ergonomic}
     bool UseG1GC                                  = true                                      {product} {ergonomic}
     bool UseLargePagesIndividualAllocation        = false                                  {pd product} {ergonomic}

Logging:
Log output configuration:
 #0: stdout all=warning uptime,level,tags foldmultilines=false
 #1: stderr all=off uptime,level,tags foldmultilines=false

Environment Variables:
PATH=C:\Program Files\Git\mingw64\libexec\git-core;C:\Program Files\Git\mingw64\libexec\git-core;C:\Program Files\Git\mingw64\bin;C:\Program Files\Git\usr\bin;C:\Users\saleh\bin;C:\Users\saleh\AppData\Local\Programs\Python\Python313\Scripts;C:\Users\saleh\AppData\Local\Programs\Python\Python313;C:\Program Files\Common Files\Oracle\Java\javapath;C:\WINDOWS\system32;C:\WINDOWS;C:\WINDOWS\System32\Wbem;C:\WINDOWS\System32\WindowsPowerShell\v1.0;C:\WINDOWS\System32\OpenSSH;C:\Program Files (x86)\Windows Kits\10\Windows Performance Toolkit;C:\Program Files\Java\jdk-19\bin;C:\Program Files\Microsoft SQL Server\150\Tools\Binn;C:\Program Files\Microsoft SQL Server\130\Tools\Binn;C:\Program Files\Microsoft SQL Server\Client SDK\ODBC\170\Tools\Binn;C:\Program Files\dotnet;C:\Program Files\nodejs;C:\ProgramData\chocolatey\bin;C:\Program Files\Git\cmd;C:\Users\saleh\AppData\Local\Microsoft\WindowsApps;C:\Users\saleh\AppData\Local\Programs\Microsoft VS Code\bin;C:\Users\saleh\.dotnet\tools;C:\Users\saleh\AppData\Roaming\npm
USERNAME=saleh
DISPLAY=:0.0
LC_ALL=en_US.UTF-8
TERM=xterm-256color
TMPDIR=C:\Users\saleh\AppData\Local\Temp
OS=Windows_NT
PROCESSOR_IDENTIFIER=AMD64 Family 23 Model 24 Stepping 1, AuthenticAMD
TMP=C:\Users\saleh\AppData\Local\Temp
TEMP=C:\Users\saleh\AppData\Local\Temp




Periodic native trim disabled

JNI global refs:
JNI global refs: 0, weak refs: 0

JNI global refs memory usage: 0, weak refs: 0

Process memory usage:
Resident Set Size: 12204K (0% of 3587736K total physical memory with 223604K free physical memory)

OOME stack traces (most recent first):
Classloader memory used:

---------------  S Y S T E M  ---------------

OS:
 Windows 11 , 64 bit Build 26100 (10.0.26100.3775)
OS uptime: 0 days 8:20 hours

CPU: total 4 (initial active 4) (4 cores per cpu, 2 threads per core) family 23 model 24 stepping 1 microcode 0x8108109, cx8, cmov, fxsr, ht, mmx, 3dnowpref, sse, sse2, sse3, ssse3, sse4a, sse4.1, sse4.2, popcnt, lzcnt, tsc, tscinvbit, avx, avx2, aes, clmul, bmi1, bmi2, adx, sha, fma, vzeroupper, clflush, clflushopt, rdtscp, f16c
Processor Information for the first 4 processors :
  Max Mhz: 2600, Current Mhz: 2600, Mhz Limit: 2600

Memory: 4k page, system-wide physical 3503M (218M free)
TotalPageFile size 14255M (AvailPageFile size 41M)
current process WorkingSet (physical memory assigned to process): 11M, peak: 11M
current process commit charge ("private bytes"): 51M, peak: 107M

vm_info: OpenJDK 64-Bit Server VM (21.0.6+-13355223-b631.42) for windows-amd64 JRE (21.0.6+-13355223-b631.42), built on 2025-04-14T18:21:23Z by "builder" with MS VC++ 16.10 / 16.11 (VS2019)

END.
